<?xml version="1.0" encoding="UTF-8"?>
<!-- Generated by org.testng.reporters.JUnitXMLReporter -->
<testsuite ignored="3" hostname="Adi" failures="0" tests="0" time="0.012" errors="0" timestamp="2022-06-01T15:35:26 IST">
  <testcase classname="demo1.Test2" name="test2method1" time="0.0">
    <ignored/>
  </testcase> <!-- test2method1 -->
  <testcase classname="demo1.Test2" name="test2method2" time="0.0">
    <ignored/>
  </testcase> <!-- test2method2 -->
  <testcase classname="demo1.Test1" name="test1method2" time="0.0">
    <ignored/>
  </testcase> <!-- test1method2 -->
</testsuite>
